info: http://localhost:8080 {"timestamp":"2024-01-19T11:57:17.499Z"}
info: http://localhost:8080 {"timestamp":"2024-01-19T11:57:33.451Z"}
info: http://localhost:8080 {"timestamp":"2024-01-19T11:57:41.919Z"}

[36minfo[39m: http://localhost:8080 {"timestamp":"2024-01-19T11:59:51.225Z"}
[36minfo[39m: http://localhost:8080 {"timestamp":"2024-01-19T11:59:56.485Z"}
[36minfo[39m: http://localhost:8080 {"timestamp":"2024-01-19T12:13:20.941Z"}
[36minfo[39m: http://localhost:8080 {"timestamp":"2024-01-19T12:13:58.731Z"}
[36minfo[39m: http://localhost:8080 {"timestamp":"2024-01-19T12:14:46.472Z"}
[36minfo[39m: http://localhost:8080 {"timestamp":"2024-01-19T12:14:59.669Z"}
[36minfo[39m: http://localhost:8080 {"timestamp":"2024-01-19T12:15:24.243Z"}
[36minfo[39m: http://localhost:8080 {"timestamp":"2024-01-19T12:15:50.706Z"}
[36minfo[39m: http://localhost:8080 {"timestamp":"2024-01-19T12:16:37.960Z"}
[36minfo[39m: http://localhost:8080 {"timestamp":"2024-01-19T12:16:44.190Z"}
[36minfo[39m: http://localhost:8080 {"timestamp":"2024-01-19T12:16:47.480Z"}
[36minfo[39m: http://localhost:8080 {"timestamp":"2024-01-19T12:17:13.700Z"}
[36minfo[39m: http://localhost:8080 {"timestamp":"2024-01-19T12:17:18.277Z"}
[36minfo[39m: http://localhost:8080 {"timestamp":"2024-01-19T12:17:22.347Z"}
[31merror[39m: loggerRouter is not defined {"timestamp":"2024-01-19T12:18:06.652Z"}
[31merror[39m: loggerRouter is not defined {"timestamp":"2024-01-19T12:18:16.603Z"}
[36minfo[39m: http://localhost:8080 {"timestamp":"2024-01-19T12:18:35.167Z"}
[36minfo[39m: Info {"timestamp":"2024-01-19T12:18:48.814Z"}
[31merror[39m: Error {"timestamp":"2024-01-19T12:18:48.815Z"}
[36minfo[39m: http://localhost:8080 {"timestamp":"2024-01-19T12:19:04.222Z"}
[36minfo[39m: Info {"timestamp":"2024-01-19T12:19:04.898Z"}
[31merror[39m: Error {"timestamp":"2024-01-19T12:19:04.898Z"}
[33mwarn[39m: Warn {"timestamp":"2024-01-19T12:19:04.899Z"}
[36minfo[39m: Info {"timestamp":"2024-01-19T12:19:05.590Z"}
[31merror[39m: Error {"timestamp":"2024-01-19T12:19:05.591Z"}
[33mwarn[39m: Warn {"timestamp":"2024-01-19T12:19:05.591Z"}
[36minfo[39m: http://localhost:8080 {"timestamp":"2024-01-19T12:21:57.858Z"}
[36minfo[39m: http://localhost:8080 {"timestamp":"2024-01-19T12:22:00.222Z"}
[36minfo[39m: http://localhost:8080 {"timestamp":"2024-01-19T12:22:02.596Z"}
[36minfo[39m: Info {"timestamp":"2024-01-19T12:22:05.645Z"}
[31merror[39m: Error {"timestamp":"2024-01-19T12:22:05.645Z"}
[33mwarn[39m: Warn {"timestamp":"2024-01-19T12:22:05.646Z"}
[36minfo[39m: Info {"timestamp":"2024-01-19T12:22:07.117Z"}
[31merror[39m: Error {"timestamp":"2024-01-19T12:22:07.118Z"}
[33mwarn[39m: Warn {"timestamp":"2024-01-19T12:22:07.119Z"}
